<?xml version="1.0" encoding="UTF-8"?>
<!-- Generated by org.testng.reporters.JUnitReportReporter -->
<testsuite hostname="suharika" failures="0" tests="1" name="selenium6.amazonecapc" time="17.507" errors="0" timestamp="2024-01-06T10:25:21 IST" skipped="0">
  <testcase classname="selenium6.amazonecapc" name="f" time="17.507"/>
  <system-out/>
</testsuite> <!-- selenium6.amazonecapc -->
