<?xml version="1.0" encoding="UTF-8"?>
<!-- Generated by org.testng.reporters.JUnitReportReporter -->
<testsuite hostname="suharika" failures="0" tests="2" name="selenium6.first_testng" time="0.020" errors="0" timestamp="2024-01-06T07:12:54 IST" skipped="0">
  <testcase classname="selenium6.first_testng" name="f1" time="0.004"/>
  <system-out/>
  <testcase classname="selenium6.first_testng" name="f" time="0.016"/>
  <system-out/>
</testsuite> <!-- selenium6.first_testng -->
