<?xml version="1.0" encoding="UTF-8"?>
<!-- Generated by org.testng.reporters.JUnitReportReporter -->
<testsuite hostname="suharika" failures="0" tests="1" name="selenium6.jsclick" time="12.029" errors="0" timestamp="2024-01-04T08:50:30 IST" skipped="0">
  <testcase classname="selenium6.jsclick" name="f" time="12.029"/>
  <system-out/>
</testsuite> <!-- selenium6.jsclick -->
