<?xml version="1.0" encoding="UTF-8"?>
<!-- Generated by org.testng.reporters.JUnitReportReporter -->
<testsuite hostname="suharika" failures="0" tests="1" name="selenium6.amazontest" time="3.931" errors="0" timestamp="2024-01-06T08:58:15 IST" skipped="0">
  <testcase classname="selenium6.amazontest" name="f" time="3.931"/>
  <system-out/>
</testsuite> <!-- selenium6.amazontest -->
