<?xml version="1.0" encoding="UTF-8"?>
<!-- Generated by org.testng.reporters.JUnitReportReporter -->
<testsuite hostname="suharika" failures="0" tests="2" name="selenium6.NewTest" time="0.019" errors="0" timestamp="2024-01-04T08:18:58 IST" skipped="0">
  <testcase classname="selenium6.NewTest" name="f1" time="0.009"/>
  <system-out/>
  <testcase classname="selenium6.NewTest" name="f" time="0.010"/>
  <system-out/>
</testsuite> <!-- selenium6.NewTest -->
